<payments>
    <payment>
        <payment_date>2024-01-30</payment_date>
        <amount>-1000.00123</amount>
        <type>incoming</type>
        <contract_number>Xml-67890</contract_number>
    </payment>
    <payment>
        <payment_date>2024-01-31</payment_date>
        <amount>500.00123</amount>
        <type>outgoing</type>
        <contract_number>Xml-09876</contract_number>
    </payment>
</payments>